<?xml version="1.0" encoding="UTF-8" ?>
<testsuite tests="26" failures="1" name="TestSuite" time="0.887" errors="0" skipped="25">
  <properties>
    <property name="java.runtime.name" value="Java(TM) SE Runtime Environment"/>
    <property name="cucumber.options" value="--tags @landIOS"/>
    <property name="sun.boot.library.path" value="/Library/Internet Plug-Ins/JavaAppletPlugin.plugin/Contents/Home/lib"/>
    <property name="java.vm.version" value="25.311-b11"/>
    <property name="user.country.format" value="PL"/>
    <property name="gopherProxySet" value="false"/>
    <property name="java.vm.vendor" value="Oracle Corporation"/>
    <property name="maven.multiModuleProjectDirectory" value="/Users/syky/Documents/TestAutomation/frm/Appium/man-test-framework-ios"/>
    <property name="java.vendor.url" value="http://java.oracle.com/"/>
    <property name="path.separator" value=":"/>
    <property name="guice.disable.misplaced.annotation.check" value="true"/>
    <property name="java.vm.name" value="Java HotSpot(TM) 64-Bit Server VM"/>
    <property name="file.encoding.pkg" value="sun.io"/>
    <property name="user.country" value="GB"/>
    <property name="sun.java.launcher" value="SUN_STANDARD"/>
    <property name="sun.os.patch.level" value="unknown"/>
    <property name="java.vm.specification.name" value="Java Virtual Machine Specification"/>
    <property name="user.dir" value="/Users/syky/Documents/TestAutomation/frm/Appium/man-test-framework-ios"/>
    <property name="java.runtime.version" value="1.8.0_311-b11"/>
    <property name="java.awt.graphicsenv" value="sun.awt.CGraphicsEnvironment"/>
    <property name="java.endorsed.dirs" value="/Library/Internet Plug-Ins/JavaAppletPlugin.plugin/Contents/Home/lib/endorsed"/>
    <property name="os.arch" value="x86_64"/>
    <property name="java.io.tmpdir" value="/var/folders/7j/6zz486_51qd6zpvxy1gdd5zhy4vzwj/T/"/>
    <property name="line.separator" value="
"/>
    <property name="java.vm.specification.vendor" value="Oracle Corporation"/>
    <property name="os.name" value="Mac OS X"/>
    <property name="classworlds.conf" value="/usr/local/Cellar/maven/3.8.3/libexec/bin/m2.conf"/>
    <property name="sun.jnu.encoding" value="UTF-8"/>
    <property name="java.library.path" value="/Users/syky/Library/Java/Extensions:/Library/Java/Extensions:/Network/Library/Java/Extensions:/System/Library/Java/Extensions:/usr/lib/java:."/>
    <property name="maven.conf" value="/usr/local/Cellar/maven/3.8.3/libexec/conf"/>
    <property name="java.specification.name" value="Java Platform API Specification"/>
    <property name="java.class.version" value="52.0"/>
    <property name="sun.management.compiler" value="HotSpot 64-Bit Tiered Compilers"/>
    <property name="os.version" value="10.16"/>
    <property name="library.jansi.path" value="/usr/local/Cellar/maven/3.8.3/libexec/lib/jansi-native"/>
    <property name="user.home" value="/Users/syky"/>
    <property name="user.timezone" value="Europe/Warsaw"/>
    <property name="java.awt.printerjob" value="sun.lwawt.macosx.CPrinterJob"/>
    <property name="java.specification.version" value="1.8"/>
    <property name="file.encoding" value="UTF-8"/>
    <property name="user.name" value="syky"/>
    <property name="java.class.path" value="/usr/local/Cellar/maven/3.8.3/libexec/boot/plexus-classworlds-2.6.0.jar"/>
    <property name="org.slf4j.simpleLogger.defaultLogLevel" value="debug"/>
    <property name="java.vm.specification.version" value="1.8"/>
    <property name="sun.arch.data.model" value="64"/>
    <property name="java.home" value="/Library/Internet Plug-Ins/JavaAppletPlugin.plugin/Contents/Home"/>
    <property name="sun.java.command" value="org.codehaus.plexus.classworlds.launcher.Launcher test -Dcucumber.options=--tags @landIOS -X"/>
    <property name="java.specification.vendor" value="Oracle Corporation"/>
    <property name="user.language" value="en"/>
    <property name="awt.toolkit" value="sun.lwawt.macosx.LWCToolkit"/>
    <property name="java.vm.info" value="mixed mode"/>
    <property name="java.version" value="1.8.0_311"/>
    <property name="java.ext.dirs" value="/Users/syky/Library/Java/Extensions:/Library/Internet Plug-Ins/JavaAppletPlugin.plugin/Contents/Home/lib/ext:/Library/Java/Extensions:/Network/Library/Java/Extensions:/System/Library/Java/Extensions:/usr/lib/java"/>
    <property name="sun.boot.class.path" value="/Library/Internet Plug-Ins/JavaAppletPlugin.plugin/Contents/Home/lib/resources.jar:/Library/Internet Plug-Ins/JavaAppletPlugin.plugin/Contents/Home/lib/rt.jar:/Library/Internet Plug-Ins/JavaAppletPlugin.plugin/Contents/Home/lib/sunrsasign.jar:/Library/Internet Plug-Ins/JavaAppletPlugin.plugin/Contents/Home/lib/jsse.jar:/Library/Internet Plug-Ins/JavaAppletPlugin.plugin/Contents/Home/lib/jce.jar:/Library/Internet Plug-Ins/JavaAppletPlugin.plugin/Contents/Home/lib/charsets.jar:/Library/Internet Plug-Ins/JavaAppletPlugin.plugin/Contents/Home/lib/jfr.jar:/Library/Internet Plug-Ins/JavaAppletPlugin.plugin/Contents/Home/classes"/>
    <property name="java.vendor" value="Oracle Corporation"/>
    <property name="maven.home" value="/usr/local/Cellar/maven/3.8.3/libexec"/>
    <property name="file.separator" value="/"/>
    <property name="java.vendor.url.bug" value="http://bugreport.sun.com/bugreport/"/>
    <property name="sun.cpu.endian" value="little"/>
    <property name="sun.io.unicode.encoding" value="UnicodeBig"/>
    <property name="sun.cpu.isalist" value=""/>
  </properties>
  <testcase classname="tests.ios.AppiumiOSTest" name="setupClassGlobal" time="0.436">
    <failure message="
Can inject only one of &lt;ITestContext, XmlTest&gt; into a @BeforeClass annotated setupClassGlobal.
For more information on native dependency injection please refer to http://testng.org/doc/documentation-main.html#native-dependency-injection" type="org.testng.TestNGException">org.testng.TestNGException: 
Can inject only one of &lt;ITestContext, XmlTest&gt; into a @BeforeClass annotated setupClassGlobal.
For more information on native dependency injection please refer to http://testng.org/doc/documentation-main.html#native-dependency-injection
	at org.testng.internal.Parameters.checkParameterTypes(Parameters.java:441)
	at org.testng.internal.Parameters.createParametersForMethod(Parameters.java:355)
	at org.testng.internal.Parameters.createParameters(Parameters.java:712)
	at org.testng.internal.Parameters.createConfigurationParameters(Parameters.java:166)
	at org.testng.internal.ConfigInvoker.invokeConfigurations(ConfigInvoker.java:283)
	at org.testng.internal.TestMethodWorker.invokeBeforeClassMethods(TestMethodWorker.java:176)
	at org.testng.internal.TestMethodWorker.run(TestMethodWorker.java:122)
	at java.util.ArrayList.forEach(ArrayList.java:1259)
	at org.testng.TestRunner.privateRun(TestRunner.java:766)
	at org.testng.TestRunner.run(TestRunner.java:587)
	at org.testng.SuiteRunner.runTest(SuiteRunner.java:384)
	at org.testng.SuiteRunner.runSequentially(SuiteRunner.java:378)
	at org.testng.SuiteRunner.privateRun(SuiteRunner.java:337)
	at org.testng.SuiteRunner.run(SuiteRunner.java:286)
	at org.testng.SuiteRunnerWorker.runSuite(SuiteRunnerWorker.java:53)
	at org.testng.SuiteRunnerWorker.run(SuiteRunnerWorker.java:96)
	at org.testng.TestNG.runSuitesSequentially(TestNG.java:1187)
	at org.testng.TestNG.runSuitesLocally(TestNG.java:1109)
	at org.testng.TestNG.runSuites(TestNG.java:1039)
	at org.testng.TestNG.run(TestNG.java:1007)
	at org.apache.maven.surefire.testng.TestNGExecutor.run(TestNGExecutor.java:77)
	at org.apache.maven.surefire.testng.TestNGDirectoryTestSuite.executeMulti(TestNGDirectoryTestSuite.java:159)
	at org.apache.maven.surefire.testng.TestNGDirectoryTestSuite.execute(TestNGDirectoryTestSuite.java:99)
	at org.apache.maven.surefire.testng.TestNGProvider.invoke(TestNGProvider.java:106)
	at sun.reflect.NativeMethodAccessorImpl.invoke0(Native Method)
	at sun.reflect.NativeMethodAccessorImpl.invoke(NativeMethodAccessorImpl.java:62)
	at sun.reflect.DelegatingMethodAccessorImpl.invoke(DelegatingMethodAccessorImpl.java:43)
	at java.lang.reflect.Method.invoke(Method.java:498)
	at org.apache.maven.surefire.util.ReflectionUtils.invokeMethodWithArray(ReflectionUtils.java:189)
	at org.apache.maven.surefire.booter.ProviderFactory$ProviderProxy.invoke(ProviderFactory.java:165)
	at org.apache.maven.surefire.booter.ProviderFactory.invokeProvider(ProviderFactory.java:85)
	at org.apache.maven.surefire.booter.ForkedBooter.runSuitesInProcess(ForkedBooter.java:115)
	at org.apache.maven.surefire.booter.ForkedBooter.main(ForkedBooter.java:75)
</failure>
    <system-out>Configuring TestNG with: org.apache.maven.surefire.testng.conf.TestNG652Configurator@49e4cb85
</system-out>
  </testcase>
  <testcase classname="tests.ios.AppiumiOSTest" name="setupGlobal" time="0.442">
    <skipped/>
  </testcase>
  <testcase classname="tests.ios.AppiumiOSTest" name="verify_app_flow_page" time="0">
    <skipped/>
  </testcase>
  <testcase classname="tests.ios.AppiumiOSTest" name="cleanUpGlobal" time="0">
    <skipped/>
  </testcase>
  <testcase classname="tests.ios.AppiumiOSTest" name="setupGlobal" time="0.001">
    <skipped/>
  </testcase>
  <testcase classname="tests.ios.AppiumiOSTest" name="verify_capture_name_page" time="0">
    <skipped/>
  </testcase>
  <testcase classname="tests.ios.AppiumiOSTest" name="cleanUpGlobal" time="0.001">
    <skipped/>
  </testcase>
  <testcase classname="tests.ios.AppiumiOSTest" name="setupGlobal" time="0.001">
    <skipped/>
  </testcase>
  <testcase classname="tests.ios.AppiumiOSTest" name="verify_capture_phone_page" time="0">
    <skipped/>
  </testcase>
  <testcase classname="tests.ios.AppiumiOSTest" name="cleanUpGlobal" time="0">
    <skipped/>
  </testcase>
  <testcase classname="tests.ios.AppiumiOSTest" name="setupGlobal" time="0.001">
    <skipped/>
  </testcase>
  <testcase classname="tests.ios.AppiumiOSTest" name="verify_eligbility_page" time="0">
    <skipped/>
  </testcase>
  <testcase classname="tests.ios.AppiumiOSTest" name="cleanUpGlobal" time="0">
    <skipped/>
  </testcase>
  <testcase classname="tests.ios.AppiumiOSTest" name="setupGlobal" time="0">
    <skipped/>
  </testcase>
  <testcase classname="tests.ios.AppiumiOSTest" name="verify_launching_page" time="0">
    <skipped/>
  </testcase>
  <testcase classname="tests.ios.AppiumiOSTest" name="cleanUpGlobal" time="0.001">
    <skipped/>
  </testcase>
  <testcase classname="tests.ios.AppiumiOSTest" name="setupGlobal" time="0.001">
    <skipped/>
  </testcase>
  <testcase classname="tests.ios.AppiumiOSTest" name="verify_product_carousel_page" time="0">
    <skipped/>
  </testcase>
  <testcase classname="tests.ios.AppiumiOSTest" name="cleanUpGlobal" time="0">
    <skipped/>
  </testcase>
  <testcase classname="tests.ios.AppiumiOSTest" name="setupGlobal" time="0.001">
    <skipped/>
  </testcase>
  <testcase classname="tests.ios.AppiumiOSTest" name="verify_product_eligibility_modal" time="0">
    <skipped/>
  </testcase>
  <testcase classname="tests.ios.AppiumiOSTest" name="cleanUpGlobal" time="0">
    <skipped/>
  </testcase>
  <testcase classname="tests.ios.AppiumiOSTest" name="setupGlobal" time="0">
    <skipped/>
  </testcase>
  <testcase classname="tests.ios.AppiumiOSTest" name="verify_terms_conditions_page" time="0">
    <skipped/>
  </testcase>
  <testcase classname="tests.ios.AppiumiOSTest" name="cleanUpGlobal" time="0.001">
    <skipped/>
  </testcase>
  <testcase classname="tests.ios.AppiumiOSTest" name="cleanUpClassGlobal" time="0.001">
    <skipped/>
  </testcase>
</testsuite>