<?xml version="1.0" encoding="UTF-8"?>
<!-- Generated by org.testng.reporters.JUnitReportReporter -->
<testsuite skipped="8" hostname="PLPC017457" name="tests.ios.AppiumiOSTest" tests="9" failures="0" timestamp="2021-12-28T15:14:58 CET" time="-1640700800.000" errors="1">
  <testcase name="verify_terms_conditions_page" time="0.000" classname="tests.ios.AppiumiOSTest">
    <skipped/>
  </testcase> <!-- verify_terms_conditions_page -->
  <system-out/>
  <testcase name="setupClassGlobal" time="-1640700800.000" classname="tests.ios.AppiumiOSTest">
    <error type="org.testng.TestNGException" message="
Can inject only one of &lt;ITestContext, XmlTest&gt; into a @BeforeClass annotated setupClassGlobal.
For more information on native dependency injection please refer to http://testng.org/doc/documentation-main.html#native-dependency-injection">
      <![CDATA[org.testng.TestNGException: 
Can inject only one of <ITestContext, XmlTest> into a @BeforeClass annotated setupClassGlobal.
For more information on native dependency injection please refer to http://testng.org/doc/documentation-main.html#native-dependency-injection
at org.testng.internal.Parameters.checkParameterTypes(Parameters.java:441)
at org.testng.internal.Parameters.createParametersForMethod(Parameters.java:355)
at org.testng.internal.Parameters.createParameters(Parameters.java:712)
at org.testng.internal.Parameters.createConfigurationParameters(Parameters.java:166)
at org.testng.internal.ConfigInvoker.invokeConfigurations(ConfigInvoker.java:283)
at org.testng.internal.TestMethodWorker.invokeBeforeClassMethods(TestMethodWorker.java:176)
at org.testng.internal.TestMethodWorker.run(TestMethodWorker.java:122)
at java.util.ArrayList.forEach(ArrayList.java:1259)
at org.testng.TestRunner.privateRun(TestRunner.java:766)
at org.testng.TestRunner.run(TestRunner.java:587)
at org.testng.SuiteRunner.runTest(SuiteRunner.java:384)
at org.testng.SuiteRunner.runSequentially(SuiteRunner.java:378)
at org.testng.SuiteRunner.privateRun(SuiteRunner.java:337)
at org.testng.SuiteRunner.run(SuiteRunner.java:286)
at org.testng.SuiteRunnerWorker.runSuite(SuiteRunnerWorker.java:53)
at org.testng.SuiteRunnerWorker.run(SuiteRunnerWorker.java:96)
at org.testng.TestNG.runSuitesSequentially(TestNG.java:1187)
at org.testng.TestNG.runSuitesLocally(TestNG.java:1109)
at org.testng.TestNG.runSuites(TestNG.java:1039)
at org.testng.TestNG.run(TestNG.java:1007)
at org.apache.maven.surefire.testng.TestNGExecutor.run(TestNGExecutor.java:77)
at org.apache.maven.surefire.testng.TestNGDirectoryTestSuite.executeMulti(TestNGDirectoryTestSuite.java:159)
at org.apache.maven.surefire.testng.TestNGDirectoryTestSuite.execute(TestNGDirectoryTestSuite.java:99)
at org.apache.maven.surefire.testng.TestNGProvider.invoke(TestNGProvider.java:106)
at sun.reflect.NativeMethodAccessorImpl.invoke0(Native Method)
at sun.reflect.NativeMethodAccessorImpl.invoke(NativeMethodAccessorImpl.java:62)
at sun.reflect.DelegatingMethodAccessorImpl.invoke(DelegatingMethodAccessorImpl.java:43)
at java.lang.reflect.Method.invoke(Method.java:498)
at org.apache.maven.surefire.util.ReflectionUtils.invokeMethodWithArray(ReflectionUtils.java:189)
at org.apache.maven.surefire.booter.ProviderFactory$ProviderProxy.invoke(ProviderFactory.java:165)
at org.apache.maven.surefire.booter.ProviderFactory.invokeProvider(ProviderFactory.java:85)
at org.apache.maven.surefire.booter.ForkedBooter.runSuitesInProcess(ForkedBooter.java:115)
at org.apache.maven.surefire.booter.ForkedBooter.main(ForkedBooter.java:75)
]]>
    </error>
  </testcase> <!-- setupClassGlobal -->
  <system-out/>
  <testcase name="verify_app_flow_page" time="0.000" classname="tests.ios.AppiumiOSTest">
    <skipped/>
  </testcase> <!-- verify_app_flow_page -->
  <system-out/>
  <testcase name="verify_capture_name_page" time="0.000" classname="tests.ios.AppiumiOSTest">
    <skipped/>
  </testcase> <!-- verify_capture_name_page -->
  <system-out/>
  <testcase name="verify_eligbility_page" time="0.000" classname="tests.ios.AppiumiOSTest">
    <skipped/>
  </testcase> <!-- verify_eligbility_page -->
  <system-out/>
  <testcase name="verify_product_carousel_page" time="0.000" classname="tests.ios.AppiumiOSTest">
    <skipped/>
  </testcase> <!-- verify_product_carousel_page -->
  <system-out/>
  <testcase name="verify_product_eligibility_modal" time="0.000" classname="tests.ios.AppiumiOSTest">
    <skipped/>
  </testcase> <!-- verify_product_eligibility_modal -->
  <system-out/>
  <testcase name="verify_capture_phone_page" time="0.000" classname="tests.ios.AppiumiOSTest">
    <skipped/>
  </testcase> <!-- verify_capture_phone_page -->
  <system-out/>
  <testcase name="verify_launching_page" time="0.000" classname="tests.ios.AppiumiOSTest">
    <skipped/>
  </testcase> <!-- verify_launching_page -->
  <system-out/>
</testsuite> <!-- tests.ios.AppiumiOSTest -->
